#
# There is insufficient memory for the Java Runtime Environment to continue.
# Native memory allocation (malloc) failed to allocate 32744 bytes for ChunkPool::allocate
# Possible reasons:
#   The system is out of physical RAM or swap space
#   The process is running with CompressedOops enabled, and the Java Heap may be blocking the growth of the native heap
# Possible solutions:
#   Reduce memory load on the system
#   Increase physical memory or swap space
#   Check if swap backing store is full
#   Decrease Java heap size (-Xmx/-Xms)
#   Decrease number of Java threads
#   Decrease Java thread stack sizes (-Xss)
#   Set larger code cache with -XX:ReservedCodeCacheSize=
#   JVM is running with Unscaled Compressed Oops mode in which the Java heap is
#     placed in the first 4GB address space. The Java Heap base address is the
#     maximum limit for the native heap growth. Please use -XX:HeapBaseMinAddress
#     to set the Java Heap base and to place the Java Heap above 4GB virtual address.
# This output file may be truncated or incomplete.
#
#  Out of Memory Error (./open/src/hotspot/share/memory/arena.cpp:79), pid=1684, tid=9648
#
# JRE version: Java(TM) SE Runtime Environment (15.0.1+9) (build 15.0.1+9-18)
# Java VM: Java HotSpot(TM) 64-Bit Server VM (15.0.1+9-18, mixed mode, sharing, tiered, compressed oops, parallel gc, windows-amd64)
# No core dump will be written. Minidumps are not enabled by default on client versions of Windows
#

---------------  S U M M A R Y ------------

Command Line: --add-modules=ALL-SYSTEM --add-opens=java.base/java.util=ALL-UNNAMED --add-opens=java.base/java.lang=ALL-UNNAMED -Declipse.application=org.eclipse.jdt.ls.core.id1 -Dosgi.bundles.defaultStartLevel=4 -Declipse.product=org.eclipse.jdt.ls.core.product -Dfile.encoding=utf8 -DwatchParentProcess=false -XX:+UseParallelGC -XX:GCTimeRatio=4 -XX:AdaptiveSizePolicyWeight=90 -Dsun.zip.disableMemoryMapping=true -Xmx1G -Xms100m c:\Users\pcnov\.vscode\extensions\redhat.java-0.73.0\server\plugins\org.eclipse.equinox.launcher_1.6.0.v20200915-1508.jar -configuration c:\Users\pcnov\AppData\Roaming\Code\User\globalStorage\redhat.java\0.73.0\config_win -data c:\Users\pcnov\AppData\Roaming\Code\User\workspaceStorage\f17092856c67aefefde673e6cc23089b\redhat.java\jdt_ws

Host: Intel(R) Core(TM)2 Quad CPU    Q9400  @ 2.66GHz, 4 cores, 3G,  Windows 10 , 64 bit Build 18362 (10.0.18362.1110)
Time: Sat Jan  9 19:44:03 2021 Hora oficial do Brasil elapsed time: 18.618449 seconds (0d 0h 0m 18s)

---------------  T H R E A D  ---------------

Current thread (0x000001ad5cf18160):  JavaThread "C2 CompilerThread0" daemon [_thread_in_native, id=9648, stack(0x0000000576e00000,0x0000000576f00000)]


Current CompileTask:
C2:  18619 3109   !   4       org.eclipse.osgi.internal.loader.classpath.ClasspathManager::defineClass (636 bytes)

Stack: [0x0000000576e00000,0x0000000576f00000]
Native frames: (J=compiled Java code, j=interpreted, Vv=VM code, C=native code)
V  [jvm.dll+0x62ae9a]
V  [jvm.dll+0x781389]
V  [jvm.dll+0x782ae3]
V  [jvm.dll+0x783143]
V  [jvm.dll+0x216265]
V  [jvm.dll+0x9828f]
V  [jvm.dll+0x9806d]
V  [jvm.dll+0x609ad4]
V  [jvm.dll+0x6552ba]
V  [jvm.dll+0x18e3ad]
V  [jvm.dll+0x1ea762]
V  [jvm.dll+0x1e98ae]
V  [jvm.dll+0x1784c7]
V  [jvm.dll+0x1f9165]
V  [jvm.dll+0x1f720c]
V  [jvm.dll+0x74485d]
V  [jvm.dll+0x73d65a]
V  [jvm.dll+0x629c56]
C  [ucrtbase.dll+0x210b2]
C  [KERNEL32.DLL+0x17c24]
C  [ntdll.dll+0x6d4d1]


---------------  P R O C E S S  ---------------

Threads class SMR info:
_java_thread_list=0x000001ad61e44290, length=25, elements={
0x000001ad43355d20, 0x000001ad4340e730, 0x000001ad4340f530, 0x000001ad5cf130d0,
0x000001ad5cf13a90, 0x000001ad5cf14450, 0x000001ad5cf18160, 0x000001ad5cf1ab70,
0x000001ad5df80060, 0x000001ad5e00f9d0, 0x000001ad5e02d810, 0x000001ad5e66d130,
0x000001ad5e0892a0, 0x000001ad5e0899b0, 0x000001ad5e078020, 0x000001ad5e643fa0,
0x000001ad5e302570, 0x000001ad5e520ff0, 0x000001ad5dfd8ac0, 0x000001ad5dfdac70,
0x000001ad5dfdb140, 0x000001ad5dfd8120, 0x000001ad5dfd85f0, 0x000001ad5dfd8f90,
0x000001ad5dfd9e00
}
_to_delete_list=0x000001ad5f86f640, length=24, elements={
0x000001ad43355d20, 0x000001ad4340e730, 0x000001ad4340f530, 0x000001ad5cf130d0,
0x000001ad5cf13a90, 0x000001ad5cf14450, 0x000001ad5cf18160, 0x000001ad5cf1ab70,
0x000001ad5df80060, 0x000001ad5e00f9d0, 0x000001ad5e02d810, 0x000001ad5e66d130,
0x000001ad5e0892a0, 0x000001ad5e0899b0, 0x000001ad5e078020, 0x000001ad5e643fa0,
0x000001ad5e302570, 0x000001ad5e520ff0, 0x000001ad5dfd8ac0, 0x000001ad5dfdac70,
0x000001ad5dfdb140, 0x000001ad5dfd8120, 0x000001ad5dfd85f0, 0x000001ad5dfd8f90
}

Java Threads: ( => current thread )
  0x000001ad43355d20 JavaThread "main" [_thread_blocked, id=7188, stack(0x0000000576600000,0x0000000576700000)]
  0x000001ad4340e730 JavaThread "Reference Handler" daemon [_thread_blocked, id=14232, stack(0x0000000576900000,0x0000000576a00000)]
  0x000001ad4340f530 JavaThread "Finalizer" daemon [_thread_blocked, id=8692, stack(0x0000000576a00000,0x0000000576b00000)]
  0x000001ad5cf130d0 JavaThread "Signal Dispatcher" daemon [_thread_blocked, id=12168, stack(0x0000000576b00000,0x0000000576c00000)]
  0x000001ad5cf13a90 JavaThread "Attach Listener" daemon [_thread_blocked, id=10352, stack(0x0000000576c00000,0x0000000576d00000)]
  0x000001ad5cf14450 JavaThread "Service Thread" daemon [_thread_blocked, id=12748, stack(0x0000000576d00000,0x0000000576e00000)]
=>0x000001ad5cf18160 JavaThread "C2 CompilerThread0" daemon [_thread_in_native, id=9648, stack(0x0000000576e00000,0x0000000576f00000)]
  0x000001ad5cf1ab70 JavaThread "C1 CompilerThread0" daemon [_thread_blocked, id=3200, stack(0x0000000576f00000,0x0000000577000000)]
  0x000001ad5df80060 JavaThread "Sweeper thread" daemon [_thread_blocked, id=3672, stack(0x0000000577000000,0x0000000577100000)]
  0x000001ad5e00f9d0 JavaThread "Common-Cleaner" daemon [_thread_blocked, id=6844, stack(0x0000000577100000,0x0000000577200000)]
  0x000001ad5e02d810 JavaThread "Notification Thread" daemon [_thread_blocked, id=4616, stack(0x0000000577200000,0x0000000577300000)]
  0x000001ad5e66d130 JavaThread "Active Thread: Equinox Container: c0433d02-2b8d-4555-bf8c-71e491c96dde" [_thread_blocked, id=2480, stack(0x0000000577400000,0x0000000577500000)]
  0x000001ad5e0892a0 JavaThread "Framework Event Dispatcher: Equinox Container: c0433d02-2b8d-4555-bf8c-71e491c96dde" daemon [_thread_blocked, id=12320, stack(0x0000000577500000,0x0000000577600000)]
  0x000001ad5e0899b0 JavaThread "Start Level: Equinox Container: c0433d02-2b8d-4555-bf8c-71e491c96dde" daemon [_thread_blocked, id=9676, stack(0x0000000577600000,0x0000000577700000)]
  0x000001ad5e078020 JavaThread "SCR Component Actor" daemon [_thread_blocked, id=6828, stack(0x0000000577a00000,0x0000000577b00000)]
  0x000001ad5e643fa0 JavaThread "Bundle File Closer" daemon [_thread_blocked, id=9204, stack(0x0000000577c00000,0x0000000577d00000)]
  0x000001ad5e302570 JavaThread "Worker-JM" [_thread_blocked, id=2700, stack(0x0000000577d00000,0x0000000577e00000)]
  0x000001ad5e520ff0 JavaThread "Worker-0: Updating Maven Dependencies" [_thread_blocked, id=4552, stack(0x0000000577e00000,0x0000000577f00000)]
  0x000001ad5dfd8ac0 JavaThread "Worker-1: Repository registry initialization" [_thread_in_vm, id=9356, stack(0x0000000577f00000,0x0000000578000000)]
  0x000001ad5dfdac70 JavaThread "Java indexing" daemon [_thread_blocked, id=4368, stack(0x0000000578000000,0x0000000578100000)]
  0x000001ad5dfdb140 JavaThread "logback configurator timer" daemon [_thread_blocked, id=9744, stack(0x0000000578100000,0x0000000578200000)]
  0x000001ad5dfd8120 JavaThread "Worker-2" [_thread_blocked, id=13944, stack(0x0000000577b00000,0x0000000577c00000)]
  0x000001ad5dfd85f0 JavaThread "pool-2-thread-1" [_thread_blocked, id=4212, stack(0x0000000578200000,0x0000000578300000)]
  0x000001ad5dfd8f90 JavaThread "Worker-3: Initialize Workspace" [_thread_in_vm, id=6228, stack(0x0000000578300000,0x0000000578400000)]
  0x000001ad5dfd9e00 JavaThread "Worker-4: Register Watchers" [_thread_blocked, id=9328, stack(0x0000000578400000,0x0000000578500000)]

Other Threads:
  0x000001ad5cf00c50 VMThread "VM Thread" [stack: 0x0000000576800000,0x0000000576900000] [id=5312]
  0x000001ad5e04a880 WatcherThread [stack: 0x0000000577300000,0x0000000577400000] [id=2152]
  0x000001ad4336ed30 GCTaskThread "GC Thread#0" [stack: 0x0000000576700000,0x0000000576800000] [id=9548]
  0x000001ad5e0bd1b0 GCTaskThread "GC Thread#1" [stack: 0x0000000577700000,0x0000000577800000] [id=12756]
  0x000001ad5e0be1a0 GCTaskThread "GC Thread#2" [stack: 0x0000000577800000,0x0000000577900000] [id=11940]
  0x000001ad5e0baea0 GCTaskThread "GC Thread#3" [stack: 0x0000000577900000,0x0000000577a00000] [id=2816]

Threads with active compile tasks:
C2 CompilerThread0    18673 3109   !   4       org.eclipse.osgi.internal.loader.classpath.ClasspathManager::defineClass (636 bytes)

VM state: not at safepoint (normal execution)

VM Mutex/Monitor currently owned by a thread: None

Heap address: 0x00000000c0000000, size: 1024 MB, Compressed Oops mode: 32-bit
CDS archive(s) mapped at: [0x0000000800000000-0x0000000800b50000-0x0000000800b50000), size 11862016, SharedBaseAddress: 0x0000000800000000, ArchiveRelocationMode: 0.
Compressed class space mapped at: 0x0000000800b50000-0x0000000840b50000, size: 1073741824
Narrow klass base: 0x0000000800000000, Narrow klass shift: 3, Narrow klass range: 0x100000000

GC Precious Log:
 CPUs: 4 total, 4 available
 Memory: 4095M
 Large Page Support: Disabled
 NUMA Support: Disabled
 Compressed Oops: Enabled (32-bit)
 Heap Min Capacity: 100M
 Heap Initial Capacity: 100M
 Heap Max Capacity: 1G
 Pre-touch: Disabled
 Parallel Workers: 4

Heap:
 PSYoungGen      total 29696K, used 4214K [0x00000000eab00000, 0x00000000ece00000, 0x0000000100000000)
  eden space 25088K, 16% used [0x00000000eab00000,0x00000000eaf1dad0,0x00000000ec380000)
  from space 4608K, 0% used [0x00000000ec980000,0x00000000ec980000,0x00000000ece00000)
  to   space 5120K, 0% used [0x00000000ec400000,0x00000000ec400000,0x00000000ec900000)
 ParOldGen       total 68608K, used 14251K [0x00000000c0000000, 0x00000000c4300000, 0x00000000eab00000)
  object space 68608K, 20% used [0x00000000c0000000,0x00000000c0deae28,0x00000000c4300000)
 Metaspace       used 34715K, capacity 36819K, committed 36952K, reserved 1081344K
  class space    used 3645K, capacity 4307K, committed 4440K, reserved 1048576K

Card table byte_map: [0x000001ad42c10000,0x000001ad42e20000] _byte_map_base: 0x000001ad42610000

Marking Bits: (ParMarkBitMap*) 0x00007ffc4d94c0f0
 Begin Bits: [0x000001ad5a580000, 0x000001ad5b580000)
 End Bits:   [0x000001ad5b580000, 0x000001ad5c580000)

Polling page: 0x000001ad41100000

Metaspace:

Usage:
  Non-class:     31.75 MB capacity,    30.34 MB ( 96%) used,     1.36 MB (  4%) free+waste,    45.06 KB ( <1%) overhead. 
      Class:      4.21 MB capacity,     3.56 MB ( 85%) used,   640.19 KB ( 15%) free+waste,    20.94 KB ( <1%) overhead. 
       Both:     35.96 MB capacity,    33.90 MB ( 94%) used,     1.99 MB (  6%) free+waste,    66.00 KB ( <1%) overhead. 

Virtual space:
  Non-class space:       32.00 MB reserved,      31.75 MB (>99%) committed 
      Class space:        1.00 GB reserved,       4.34 MB ( <1%) committed 
             Both:        1.03 GB reserved,      36.09 MB (  3%) committed 

Chunk freelists:
   Non-Class:  0 bytes
       Class:  13.00 KB
        Both:  13.00 KB

MaxMetaspaceSize: 17179869184.00 GB
CompressedClassSpaceSize: 1.00 GB

CodeHeap 'non-profiled nmethods': size=120000Kb used=1211Kb max_used=1211Kb free=118788Kb
 bounds [0x000001ad53050000, 0x000001ad532c0000, 0x000001ad5a580000]
CodeHeap 'profiled nmethods': size=120000Kb used=7009Kb max_used=7009Kb free=112990Kb
 bounds [0x000001ad4bb20000, 0x000001ad4c200000, 0x000001ad53050000]
CodeHeap 'non-nmethods': size=5760Kb used=1264Kb max_used=1298Kb free=4495Kb
 bounds [0x000001ad4b580000, 0x000001ad4b7f0000, 0x000001ad4bb20000]
 total_blobs=3896 nmethods=3342 adapters=468
 compilation: enabled
              stopped_count=0, restarted_count=0
 full_count=0

Compilation events (20 events):
Event: 18.332 Thread 0x000001ad5cf1ab70 3340       2       com.google.inject.spi.InjectionPoint$1::compare (13 bytes)
Event: 18.333 Thread 0x000001ad5cf1ab70 nmethod 3340 0x000001ad4c1f0a90 code [0x000001ad4c1f0c60, 0x000001ad4c1f0e88]
Event: 18.333 Thread 0x000001ad5cf1ab70 3341       2       com.google.inject.spi.InjectionPoint$1::compare (12 bytes)
Event: 18.333 Thread 0x000001ad5cf1ab70 nmethod 3341 0x000001ad4c1f1010 code [0x000001ad4c1f11c0, 0x000001ad4c1f1368]
Event: 18.333 Thread 0x000001ad5cf1ab70 3342       2       java.lang.reflect.Constructor::getRoot (5 bytes)
Event: 18.333 Thread 0x000001ad5cf1ab70 nmethod 3342 0x000001ad4c1f1510 code [0x000001ad4c1f16a0, 0x000001ad4c1f1798]
Event: 18.339 Thread 0x000001ad5cf1ab70 3343       2       java.util.concurrent.CopyOnWriteArrayList$COWIterator::hasNext (18 bytes)
Event: 18.339 Thread 0x000001ad5cf1ab70 nmethod 3343 0x000001ad4c1f1810 code [0x000001ad4c1f19a0, 0x000001ad4c1f1ab8]
Event: 18.383 Thread 0x000001ad5cf1ab70 3344       2       com.google.common.collect.ImmutableCollection::<init> (5 bytes)
Event: 18.383 Thread 0x000001ad5cf1ab70 nmethod 3344 0x000001ad4c1f1b90 code [0x000001ad4c1f1d20, 0x000001ad4c1f1e18]
Event: 18.390 Thread 0x000001ad5cf1ab70 3345       2       sun.reflect.annotation.AnnotationParser$1::run (40 bytes)
Event: 18.391 Thread 0x000001ad5cf1ab70 nmethod 3345 0x000001ad4c1f1e90 code [0x000001ad4c1f2080, 0x000001ad4c1f25d8]
Event: 18.400 Thread 0x000001ad5cf1ab70 3346       2       java.nio.ByteBuffer::flip (7 bytes)
Event: 18.400 Thread 0x000001ad5cf1ab70 nmethod 3346 0x000001ad4c1f2890 code [0x000001ad4c1f2a20, 0x000001ad4c1f2b38]
Event: 18.402 Thread 0x000001ad5cf1ab70 3347   !   2       sun.nio.fs.WindowsFileAttributes::get (236 bytes)
Event: 18.403 Thread 0x000001ad5cf1ab70 nmethod 3347 0x000001ad4c1f2c10 code [0x000001ad4c1f2f00, 0x000001ad4c1f38e8]
Event: 18.420 Thread 0x000001ad5cf1ab70 3349       2       com.google.common.collect.ComparisonChain$1::compare (13 bytes)
Event: 18.421 Thread 0x000001ad5cf1ab70 nmethod 3349 0x000001ad4c1f4390 code [0x000001ad4c1f4540, 0x000001ad4c1f46a8]
Event: 18.586 Thread 0x000001ad5cf1ab70 3350       2       sun.security.provider.HashDrbg::addBytes (130 bytes)
Event: 18.586 Thread 0x000001ad5cf1ab70 nmethod 3350 0x000001ad4c1f4790 code [0x000001ad4c1f4940, 0x000001ad4c1f4bb8]

GC Heap History (16 events):
Event: 5.854 GC heap before
{Heap before GC invocations=1 (full 0):
 PSYoungGen      total 29696K, used 25600K [0x00000000eab00000, 0x00000000ecc00000, 0x0000000100000000)
  eden space 25600K, 100% used [0x00000000eab00000,0x00000000ec400000,0x00000000ec400000)
  from space 4096K, 0% used [0x00000000ec800000,0x00000000ec800000,0x00000000ecc00000)
  to   space 4096K, 0% used [0x00000000ec400000,0x00000000ec400000,0x00000000ec800000)
 ParOldGen       total 68608K, used 0K [0x00000000c0000000, 0x00000000c4300000, 0x00000000eab00000)
  object space 68608K, 0% used [0x00000000c0000000,0x00000000c0000000,0x00000000c4300000)
 Metaspace       used 7060K, capacity 7397K, committed 7680K, reserved 1056768K
  class space    used 671K, capacity 722K, committed 768K, reserved 1048576K
}
Event: 5.957 GC heap after
{Heap after GC invocations=1 (full 0):
 PSYoungGen      total 29696K, used 4089K [0x00000000eab00000, 0x00000000ecc00000, 0x0000000100000000)
  eden space 25600K, 0% used [0x00000000eab00000,0x00000000eab00000,0x00000000ec400000)
  from space 4096K, 99% used [0x00000000ec400000,0x00000000ec7fe718,0x00000000ec800000)
  to   space 4096K, 0% used [0x00000000ec800000,0x00000000ec800000,0x00000000ecc00000)
 ParOldGen       total 68608K, used 504K [0x00000000c0000000, 0x00000000c4300000, 0x00000000eab00000)
  object space 68608K, 0% used [0x00000000c0000000,0x00000000c007e000,0x00000000c4300000)
 Metaspace       used 7060K, capacity 7397K, committed 7680K, reserved 1056768K
  class space    used 671K, capacity 722K, committed 768K, reserved 1048576K
}
Event: 10.905 GC heap before
{Heap before GC invocations=2 (full 0):
 PSYoungGen      total 29696K, used 29689K [0x00000000eab00000, 0x00000000ecc00000, 0x0000000100000000)
  eden space 25600K, 100% used [0x00000000eab00000,0x00000000ec400000,0x00000000ec400000)
  from space 4096K, 99% used [0x00000000ec400000,0x00000000ec7fe718,0x00000000ec800000)
  to   space 4096K, 0% used [0x00000000ec800000,0x00000000ec800000,0x00000000ecc00000)
 ParOldGen       total 68608K, used 504K [0x00000000c0000000, 0x00000000c4300000, 0x00000000eab00000)
  object space 68608K, 0% used [0x00000000c0000000,0x00000000c007e000,0x00000000c4300000)
 Metaspace       used 14082K, capacity 14931K, committed 14976K, reserved 1062912K
  class space    used 1353K, capacity 1622K, committed 1664K, reserved 1048576K
}
Event: 10.923 GC heap after
{Heap after GC invocations=2 (full 0):
 PSYoungGen      total 29696K, used 4091K [0x00000000eab00000, 0x00000000ecc00000, 0x0000000100000000)
  eden space 25600K, 0% used [0x00000000eab00000,0x00000000eab00000,0x00000000ec400000)
  from space 4096K, 99% used [0x00000000ec800000,0x00000000ecbfecf8,0x00000000ecc00000)
  to   space 4096K, 0% used [0x00000000ec400000,0x00000000ec400000,0x00000000ec800000)
 ParOldGen       total 68608K, used 5464K [0x00000000c0000000, 0x00000000c4300000, 0x00000000eab00000)
  object space 68608K, 7% used [0x00000000c0000000,0x00000000c05560f8,0x00000000c4300000)
 Metaspace       used 14082K, capacity 14931K, committed 14976K, reserved 1062912K
  class space    used 1353K, capacity 1622K, committed 1664K, reserved 1048576K
}
Event: 11.544 GC heap before
{Heap before GC invocations=3 (full 0):
 PSYoungGen      total 29696K, used 23835K [0x00000000eab00000, 0x00000000ecc00000, 0x0000000100000000)
  eden space 25600K, 77% used [0x00000000eab00000,0x00000000ebe48170,0x00000000ec400000)
  from space 4096K, 99% used [0x00000000ec800000,0x00000000ecbfecf8,0x00000000ecc00000)
  to   space 4096K, 0% used [0x00000000ec400000,0x00000000ec400000,0x00000000ec800000)
 ParOldGen       total 68608K, used 5464K [0x00000000c0000000, 0x00000000c4300000, 0x00000000eab00000)
  object space 68608K, 7% used [0x00000000c0000000,0x00000000c05560f8,0x00000000c4300000)
 Metaspace       used 20084K, capacity 21057K, committed 21248K, reserved 1069056K
  class space    used 1791K, capacity 2048K, committed 2048K, reserved 1048576K
}
Event: 11.551 GC heap after
{Heap after GC invocations=3 (full 0):
 PSYoungGen      total 29696K, used 4064K [0x00000000eab00000, 0x00000000ecc00000, 0x0000000100000000)
  eden space 25600K, 0% used [0x00000000eab00000,0x00000000eab00000,0x00000000ec400000)
  from space 4096K, 99% used [0x00000000ec400000,0x00000000ec7f8138,0x00000000ec800000)
  to   space 4096K, 0% used [0x00000000ec800000,0x00000000ec800000,0x00000000ecc00000)
 ParOldGen       total 68608K, used 6125K [0x00000000c0000000, 0x00000000c4300000, 0x00000000eab00000)
  object space 68608K, 8% used [0x00000000c0000000,0x00000000c05fb7a8,0x00000000c4300000)
 Metaspace       used 20084K, capacity 21057K, committed 21248K, reserved 1069056K
  class space    used 1791K, capacity 2048K, committed 2048K, reserved 1048576K
}
Event: 11.551 GC heap before
{Heap before GC invocations=4 (full 1):
 PSYoungGen      total 29696K, used 4064K [0x00000000eab00000, 0x00000000ecc00000, 0x0000000100000000)
  eden space 25600K, 0% used [0x00000000eab00000,0x00000000eab00000,0x00000000ec400000)
  from space 4096K, 99% used [0x00000000ec400000,0x00000000ec7f8138,0x00000000ec800000)
  to   space 4096K, 0% used [0x00000000ec800000,0x00000000ec800000,0x00000000ecc00000)
 ParOldGen       total 68608K, used 6125K [0x00000000c0000000, 0x00000000c4300000, 0x00000000eab00000)
  object space 68608K, 8% used [0x00000000c0000000,0x00000000c05fb7a8,0x00000000c4300000)
 Metaspace       used 20084K, capacity 21057K, committed 21248K, reserved 1069056K
  class space    used 1791K, capacity 2048K, committed 2048K, reserved 1048576K
}
Event: 11.633 GC heap after
{Heap after GC invocations=4 (full 1):
 PSYoungGen      total 29696K, used 0K [0x00000000eab00000, 0x00000000ecc00000, 0x0000000100000000)
  eden space 25600K, 0% used [0x00000000eab00000,0x00000000eab00000,0x00000000ec400000)
  from space 4096K, 0% used [0x00000000ec400000,0x00000000ec400000,0x00000000ec800000)
  to   space 4096K, 0% used [0x00000000ec800000,0x00000000ec800000,0x00000000ecc00000)
 ParOldGen       total 68608K, used 9886K [0x00000000c0000000, 0x00000000c4300000, 0x00000000eab00000)
  object space 68608K, 14% used [0x00000000c0000000,0x00000000c09a7b68,0x00000000c4300000)
 Metaspace       used 20084K, capacity 21057K, committed 21248K, reserved 1069056K
  class space    used 1791K, capacity 2048K, committed 2048K, reserved 1048576K
}
Event: 16.394 GC heap before
{Heap before GC invocations=5 (full 1):
 PSYoungGen      total 29696K, used 25600K [0x00000000eab00000, 0x00000000ecc00000, 0x0000000100000000)
  eden space 25600K, 100% used [0x00000000eab00000,0x00000000ec400000,0x00000000ec400000)
  from space 4096K, 0% used [0x00000000ec400000,0x00000000ec400000,0x00000000ec800000)
  to   space 4096K, 0% used [0x00000000ec800000,0x00000000ec800000,0x00000000ecc00000)
 ParOldGen       total 68608K, used 9905K [0x00000000c0000000, 0x00000000c4300000, 0x00000000eab00000)
  object space 68608K, 14% used [0x00000000c0000000,0x00000000c09ac578,0x00000000c4300000)
 Metaspace       used 28650K, capacity 30371K, committed 30720K, reserved 1077248K
  class space    used 2908K, capacity 3459K, committed 3584K, reserved 1048576K
}
Event: 16.400 GC heap after
{Heap after GC invocations=5 (full 1):
 PSYoungGen      total 29696K, used 3732K [0x00000000eab00000, 0x00000000ecc00000, 0x0000000100000000)
  eden space 25600K, 0% used [0x00000000eab00000,0x00000000eab00000,0x00000000ec400000)
  from space 4096K, 91% used [0x00000000ec800000,0x00000000ecba5288,0x00000000ecc00000)
  to   space 4096K, 0% used [0x00000000ec400000,0x00000000ec400000,0x00000000ec800000)
 ParOldGen       total 68608K, used 9913K [0x00000000c0000000, 0x00000000c4300000, 0x00000000eab00000)
  object space 68608K, 14% used [0x00000000c0000000,0x00000000c09ae578,0x00000000c4300000)
 Metaspace       used 28650K, capacity 30371K, committed 30720K, reserved 1077248K
  class space    used 2908K, capacity 3459K, committed 3584K, reserved 1048576K
}
Event: 18.029 GC heap before
{Heap before GC invocations=6 (full 1):
 PSYoungGen      total 29696K, used 29332K [0x00000000eab00000, 0x00000000ecc00000, 0x0000000100000000)
  eden space 25600K, 100% used [0x00000000eab00000,0x00000000ec400000,0x00000000ec400000)
  from space 4096K, 91% used [0x00000000ec800000,0x00000000ecba5288,0x00000000ecc00000)
  to   space 4096K, 0% used [0x00000000ec400000,0x00000000ec400000,0x00000000ec800000)
 ParOldGen       total 68608K, used 9915K [0x00000000c0000000, 0x00000000c4300000, 0x00000000eab00000)
  object space 68608K, 14% used [0x00000000c0000000,0x00000000c09aef38,0x00000000c4300000)
 Metaspace       used 33041K, capacity 34956K, committed 35072K, reserved 1081344K
  class space    used 3447K, capacity 4071K, committed 4096K, reserved 1048576K
}
Event: 18.036 GC heap after
{Heap after GC invocations=6 (full 1):
 PSYoungGen      total 29184K, used 4082K [0x00000000eab00000, 0x00000000ecf80000, 0x0000000100000000)
  eden space 25088K, 0% used [0x00000000eab00000,0x00000000eab00000,0x00000000ec380000)
  from space 4096K, 99% used [0x00000000ec400000,0x00000000ec7fc800,0x00000000ec800000)
  to   space 6144K, 0% used [0x00000000ec980000,0x00000000ec980000,0x00000000ecf80000)
 ParOldGen       total 68608K, used 11419K [0x00000000c0000000, 0x00000000c4300000, 0x00000000eab00000)
  object space 68608K, 16% used [0x00000000c0000000,0x00000000c0b26e08,0x00000000c4300000)
 Metaspace       used 33041K, capacity 34956K, committed 35072K, reserved 1081344K
  class space    used 3447K, capacity 4071K, committed 4096K, reserved 1048576K
}
Event: 18.135 GC heap before
{Heap before GC invocations=7 (full 1):
 PSYoungGen      total 29184K, used 6333K [0x00000000eab00000, 0x00000000ecf80000, 0x0000000100000000)
  eden space 25088K, 8% used [0x00000000eab00000,0x00000000ead32c60,0x00000000ec380000)
  from space 4096K, 99% used [0x00000000ec400000,0x00000000ec7fc800,0x00000000ec800000)
  to   space 6144K, 0% used [0x00000000ec980000,0x00000000ec980000,0x00000000ecf80000)
 ParOldGen       total 68608K, used 11419K [0x00000000c0000000, 0x00000000c4300000, 0x00000000eab00000)
  object space 68608K, 16% used [0x00000000c0000000,0x00000000c0b26e08,0x00000000c4300000)
 Metaspace       used 33371K, capacity 35343K, committed 35416K, reserved 1081344K
  class space    used 3490K, capacity 4136K, committed 4184K, reserved 1048576K
}
Event: 18.140 GC heap after
{Heap after GC invocations=7 (full 1):
 PSYoungGen      total 29696K, used 4274K [0x00000000eab00000, 0x00000000ece00000, 0x0000000100000000)
  eden space 25088K, 0% used [0x00000000eab00000,0x00000000eab00000,0x00000000ec380000)
  from space 4608K, 92% used [0x00000000ec980000,0x00000000ecdac800,0x00000000ece00000)
  to   space 5120K, 0% used [0x00000000ec400000,0x00000000ec400000,0x00000000ec900000)
 ParOldGen       total 68608K, used 11427K [0x00000000c0000000, 0x00000000c4300000, 0x00000000eab00000)
  object space 68608K, 16% used [0x00000000c0000000,0x00000000c0b28e08,0x00000000c4300000)
 Metaspace       used 33371K, capacity 35343K, committed 35416K, reserved 1081344K
  class space    used 3490K, capacity 4136K, committed 4184K, reserved 1048576K
}
Event: 18.140 GC heap before
{Heap before GC invocations=8 (full 2):
 PSYoungGen      total 29696K, used 4274K [0x00000000eab00000, 0x00000000ece00000, 0x0000000100000000)
  eden space 25088K, 0% used [0x00000000eab00000,0x00000000eab00000,0x00000000ec380000)
  from space 4608K, 92% used [0x00000000ec980000,0x00000000ecdac800,0x00000000ece00000)
  to   space 5120K, 0% used [0x00000000ec400000,0x00000000ec400000,0x00000000ec900000)
 ParOldGen       total 68608K, used 11427K [0x00000000c0000000, 0x00000000c4300000, 0x00000000eab00000)
  object space 68608K, 16% used [0x00000000c0000000,0x00000000c0b28e08,0x00000000c4300000)
 Metaspace       used 33371K, capacity 35343K, committed 35416K, reserved 1081344K
  class space    used 3490K, capacity 4136K, committed 4184K, reserved 1048576K
}
Event: 18.204 GC heap after
{Heap after GC invocations=8 (full 2):
 PSYoungGen      total 29696K, used 0K [0x00000000eab00000, 0x00000000ece00000, 0x0000000100000000)
  eden space 25088K, 0% used [0x00000000eab00000,0x00000000eab00000,0x00000000ec380000)
  from space 4608K, 0% used [0x00000000ec980000,0x00000000ec980000,0x00000000ece00000)
  to   space 5120K, 0% used [0x00000000ec400000,0x00000000ec400000,0x00000000ec900000)
 ParOldGen       total 68608K, used 14251K [0x00000000c0000000, 0x00000000c4300000, 0x00000000eab00000)
  object space 68608K, 20% used [0x00000000c0000000,0x00000000c0deae28,0x00000000c4300000)
 Metaspace       used 33371K, capacity 35343K, committed 35416K, reserved 1081344K
  class space    used 3490K, capacity 4136K, committed 4184K, reserved 1048576K
}

Deoptimization events (20 events):
Event: 17.934 Thread 0x000001ad5dfd85f0 Uncommon trap: trap_request=0xffffff45 fr.pc=0x000001ad530749b8 relative=0x0000000000000578
Event: 17.934 Thread 0x000001ad5dfd85f0 Uncommon trap: reason=unstable_if action=reinterpret pc=0x000001ad530749b8 method=java.util.jar.Manifest$FastInputStream.readLine([BII)I @ 130 c2
Event: 17.934 Thread 0x000001ad5dfd85f0 DEOPT PACKING pc=0x000001ad530749b8 sp=0x00000005782fdc30
Event: 17.934 Thread 0x000001ad5dfd85f0 DEOPT UNPACKING pc=0x000001ad4b5ce129 sp=0x00000005782fdbd0 mode 2
Event: 17.942 Thread 0x000001ad5dfd85f0 DEOPT PACKING pc=0x000001ad4c1ce842 sp=0x00000005782fdc40
Event: 17.942 Thread 0x000001ad5dfd85f0 DEOPT UNPACKING pc=0x000001ad4b5cdf30 sp=0x00000005782fd0d0 mode 0
Event: 17.947 Thread 0x000001ad5dfd85f0 DEOPT PACKING pc=0x000001ad4c1ce842 sp=0x00000005782fdc40
Event: 17.947 Thread 0x000001ad5dfd85f0 DEOPT UNPACKING pc=0x000001ad4b5cdf30 sp=0x00000005782fd0d0 mode 0
Event: 17.949 Thread 0x000001ad5dfd85f0 DEOPT PACKING pc=0x000001ad4c1ce842 sp=0x00000005782fdc40
Event: 17.949 Thread 0x000001ad5dfd85f0 DEOPT UNPACKING pc=0x000001ad4b5cdf30 sp=0x00000005782fd0d0 mode 0
Event: 17.954 Thread 0x000001ad5dfd85f0 DEOPT PACKING pc=0x000001ad4c1ce842 sp=0x00000005782fdc40
Event: 17.954 Thread 0x000001ad5dfd85f0 DEOPT UNPACKING pc=0x000001ad4b5cdf30 sp=0x00000005782fd0d0 mode 0
Event: 17.961 Thread 0x000001ad5dfd85f0 DEOPT PACKING pc=0x000001ad4c1ce842 sp=0x00000005782fdc40
Event: 17.961 Thread 0x000001ad5dfd85f0 DEOPT UNPACKING pc=0x000001ad4b5cdf30 sp=0x00000005782fd0d0 mode 0
Event: 18.225 Thread 0x000001ad5dfd8f90 DEOPT PACKING pc=0x000001ad4c05f7d6 sp=0x00000005783fd710
Event: 18.225 Thread 0x000001ad5dfd8f90 DEOPT UNPACKING pc=0x000001ad4b5cdf30 sp=0x00000005783fcc00 mode 0
Event: 18.226 Thread 0x000001ad5dfd8f90 DEOPT PACKING pc=0x000001ad4c1e9656 sp=0x00000005783fd740
Event: 18.226 Thread 0x000001ad5dfd8f90 DEOPT UNPACKING pc=0x000001ad4b5cdf30 sp=0x00000005783fcc08 mode 0
Event: 18.226 Thread 0x000001ad5dfd8f90 DEOPT PACKING pc=0x000001ad4c05f7d6 sp=0x00000005783fd710
Event: 18.226 Thread 0x000001ad5dfd8f90 DEOPT UNPACKING pc=0x000001ad4b5cdf30 sp=0x00000005783fcc00 mode 0

Classes unloaded (0 events):
No events

Classes redefined (0 events):
No events

Internal exceptions (20 events):
Event: 11.645 Thread 0x000001ad5e0899b0 Exception <a 'java/lang/ClassNotFoundException'{0x00000000eab60400}: com/sun/org/apache/xerces/internal/impl/msg/spi/XMLMessagesProvider> (0x00000000eab60400) 
thrown [./open/src/hotspot/share/classfile/systemDictionary.cpp, line 295]
Event: 11.795 Thread 0x000001ad5e0899b0 Exception <a 'sun/nio/fs/WindowsException'{0x00000000eacce178}> (0x00000000eacce178) 
thrown [./open/src/hotspot/share/prims/jni.cpp, line 578]
Event: 11.879 Thread 0x000001ad5e0899b0 Exception <a 'sun/nio/fs/WindowsException'{0x00000000ead309a8}> (0x00000000ead309a8) 
thrown [./open/src/hotspot/share/prims/jni.cpp, line 578]
Event: 11.887 Thread 0x000001ad5e0899b0 Exception <a 'sun/nio/fs/WindowsException'{0x00000000ead3c788}> (0x00000000ead3c788) 
thrown [./open/src/hotspot/share/prims/jni.cpp, line 578]
Event: 12.334 Thread 0x000001ad5e0899b0 Exception <a 'java/lang/ClassNotFoundException'{0x00000000eadcddf0}: com/sun/org/apache/xml/internal/serializer/spi/XMLEntitiesProvider> (0x00000000eadcddf0) 
thrown [./open/src/hotspot/share/classfile/systemDictionary.cpp, line 295]
Event: 12.716 Thread 0x000001ad5e0899b0 Exception <a 'java/io/FileNotFoundException'{0x00000000eafb9e18}> (0x00000000eafb9e18) 
thrown [./open/src/hotspot/share/prims/jni.cpp, line 578]
Event: 14.535 Thread 0x000001ad5e0899b0 Exception <a 'java/lang/NoSuchMethodError'{0x00000000eb49ce90}: 'void java.lang.invoke.DirectMethodHandle$Holder.invokeSpecial(java.lang.Object, java.lang.Object, java.lang.Object, int)'> (0x00000000eb49ce90) 
thrown [./open/src/hotspot/share/interpreter/linkResolver.cpp, line 782]
Event: 14.803 Thread 0x000001ad5e0899b0 Exception <a 'java/lang/NoSuchMethodError'{0x00000000eb5ed5b8}: 'org.slf4j.impl.StaticMDCBinder org.slf4j.impl.StaticMDCBinder.getSingleton()'> (0x00000000eb5ed5b8) 
thrown [./open/src/hotspot/share/interpreter/linkResolver.cpp, line 782]
Event: 15.256 Thread 0x000001ad5e0899b0 Implicit null exception at 0x000001ad5310ea4a to 0x000001ad5310f56c
Event: 15.256 Thread 0x000001ad5e0899b0 Implicit null exception at 0x000001ad53111176 to 0x000001ad531116c0
Event: 15.651 Thread 0x000001ad43355d20 Exception <a 'java/lang/NoSuchMethodError'{0x00000000ebb8d9a0}: 'void java.lang.invoke.DirectMethodHandle$Holder.invokeStatic(java.lang.Object, java.lang.Object, java.lang.Object, java.lang.Object)'> (0x00000000ebb8d9a0) 
thrown [./open/src/hotspot/share/interpreter/linkResolver.cpp, line 782]
Event: 15.883 Thread 0x000001ad5e520ff0 Exception <a 'java/lang/NoSuchMethodError'{0x00000000eae0dbb8}: 'java.lang.Object java.lang.invoke.DirectMethodHandle$Holder.newInvokeSpecial(java.lang.Object, java.lang.Object, java.lang.Object, java.lang.Object, java.lang.Object)'> (0x00000000eae0dbb8) 
thrown [./open/src/hotspot/share/interpreter/linkResolver.cpp, line 782]
Event: 16.414 Thread 0x000001ad43355d20 Exception <a 'java/lang/NoSuchMethodError'{0x00000000eab460a0}: 'void java.lang.invoke.DirectMethodHandle$Holder.invokeStaticInit(java.lang.Object, java.lang.Object, java.lang.Object)'> (0x00000000eab460a0) 
thrown [./open/src/hotspot/share/interpreter/linkResolver.cpp, line 782]
Event: 16.923 Thread 0x000001ad5dfd85f0 Exception <a 'java/io/FileNotFoundException'{0x00000000eb0b4cf0}> (0x00000000eb0b4cf0) 
thrown [./open/src/hotspot/share/prims/jni.cpp, line 578]
Event: 17.056 Thread 0x000001ad5dfd85f0 Exception <a 'java/io/FileNotFoundException'{0x00000000eb0ed478}> (0x00000000eb0ed478) 
thrown [./open/src/hotspot/share/prims/jni.cpp, line 578]
Event: 17.067 Thread 0x000001ad5dfd85f0 Exception <a 'java/io/FileNotFoundException'{0x00000000eb30c450}> (0x00000000eb30c450) 
thrown [./open/src/hotspot/share/prims/jni.cpp, line 578]
Event: 17.133 Thread 0x000001ad5dfd8ac0 Implicit null exception at 0x000001ad530e49dc to 0x000001ad530e4bd9
Event: 17.150 Thread 0x000001ad5dfd8ac0 Implicit null exception at 0x000001ad530cfed9 to 0x000001ad530d00b9
Event: 17.583 Thread 0x000001ad5dfd85f0 Exception <a 'java/io/FileNotFoundException'{0x00000000ebccdd08}> (0x00000000ebccdd08) 
thrown [./open/src/hotspot/share/prims/jni.cpp, line 578]
Event: 17.971 Thread 0x000001ad5dfd85f0 Exception <a 'java/lang/NoSuchMethodError'{0x00000000ec32a128}: 'void java.lang.invoke.DirectMethodHandle$Holder.invokeStatic(java.lang.Object, java.lang.Object, java.lang.Object, java.lang.Object, java.lang.Object, java.lang.Object)'> (0x00000000ec32a128) 
thrown [./open/src/hotspot/share/interpreter/linkResolver.cpp, line 782]

Events (20 events):
Event: 18.351 loading class jdk/internal/jrtfs/JrtFileSystemProvider
Event: 18.352 loading class jdk/internal/jrtfs/JrtFileSystemProvider done
Event: 18.353 loading class sun/net/www/protocol/jrt/JavaRuntimeURLConnection
Event: 18.353 loading class sun/net/www/protocol/jrt/JavaRuntimeURLConnection done
Event: 18.355 loading class sun/net/www/protocol/jrt/JavaRuntimeURLConnection$1
Event: 18.355 loading class sun/net/www/protocol/jrt/JavaRuntimeURLConnection$1 done
Event: 18.355 loading class jdk/internal/jimage/ImageBufferCache
Event: 18.356 loading class jdk/internal/jimage/ImageBufferCache done
Event: 18.356 loading class jdk/internal/jimage/ImageBufferCache$1
Event: 18.356 loading class jdk/internal/jimage/ImageBufferCache$1 done
Event: 18.356 loading class jdk/internal/jimage/ImageBufferCache$2
Event: 18.356 loading class jdk/internal/jimage/ImageBufferCache$2 done
Event: 18.356 loading class jdk/internal/jimage/ImageBufferCache$BufferReference
Event: 18.357 loading class jdk/internal/jimage/ImageBufferCache$BufferReference done
Event: 18.405 Loaded shared library C:\Program Files\Java\jdk-15.0.1\bin\nio.dll
Event: 18.406 loading class jdk/internal/jrtfs/JrtFileSystemProvider$1
Event: 18.406 loading class jdk/internal/jrtfs/JrtFileSystemProvider$1 done
Event: 18.406 loading class jdk/internal/jrtfs/JrtFileSystemProvider$JrtFsLoader
Event: 18.406 loading class jdk/internal/jrtfs/JrtFileSystemProvider$JrtFsLoader done
Event: 18.421 loading class java/nio/file/InvalidPathException


Dynamic libraries:
0x00007ff64a6c0000 - 0x00007ff64a6cf000 	C:\Program Files\Java\jdk-15.0.1\bin\java.exe
0x00007ffc90960000 - 0x00007ffc90b50000 	C:\WINDOWS\SYSTEM32\ntdll.dll
0x00007ffc8ed50000 - 0x00007ffc8ee02000 	C:\WINDOWS\System32\KERNEL32.DLL
0x00007ffc8e730000 - 0x00007ffc8e9d5000 	C:\WINDOWS\System32\KERNELBASE.dll
0x00007ffc8e230000 - 0x00007ffc8e32a000 	C:\WINDOWS\System32\ucrtbase.dll
0x00007ffc8b330000 - 0x00007ffc8b348000 	C:\Program Files\Java\jdk-15.0.1\bin\jli.dll
0x00007ffc90810000 - 0x00007ffc908b3000 	C:\WINDOWS\System32\ADVAPI32.dll
0x00007ffc8fd50000 - 0x00007ffc8fdee000 	C:\WINDOWS\System32\msvcrt.dll
0x00007ffc8f370000 - 0x00007ffc8f407000 	C:\WINDOWS\System32\sechost.dll
0x00007ffc8f7c0000 - 0x00007ffc8f8e0000 	C:\WINDOWS\System32\RPCRT4.dll
0x00007ffc8eb00000 - 0x00007ffc8ec94000 	C:\WINDOWS\System32\USER32.dll
0x00007ffc8e330000 - 0x00007ffc8e351000 	C:\WINDOWS\System32\win32u.dll
0x00007ffc90560000 - 0x00007ffc90586000 	C:\WINDOWS\System32\GDI32.dll
0x00007ffc8e590000 - 0x00007ffc8e726000 	C:\WINDOWS\System32\gdi32full.dll
0x00007ffc8e4f0000 - 0x00007ffc8e58e000 	C:\WINDOWS\System32\msvcp_win.dll
0x00007ffc8b310000 - 0x00007ffc8b329000 	C:\Program Files\Java\jdk-15.0.1\bin\VCRUNTIME140.dll
0x00007ffc7c900000 - 0x00007ffc7cb84000 	C:\WINDOWS\WinSxS\amd64_microsoft.windows.common-controls_6595b64144ccf1df_6.0.18362.1256_none_9e7e379be45e40e2\COMCTL32.dll
0x00007ffc8ef50000 - 0x00007ffc8f286000 	C:\WINDOWS\System32\combase.dll
0x00007ffc8e360000 - 0x00007ffc8e3e1000 	C:\WINDOWS\System32\bcryptPrimitives.dll
0x00007ffc88100000 - 0x00007ffc8810a000 	C:\WINDOWS\SYSTEM32\VERSION.dll
0x00007ffc8f620000 - 0x00007ffc8f64e000 	C:\WINDOWS\System32\IMM32.DLL
0x00007ffc8b300000 - 0x00007ffc8b30c000 	C:\Program Files\Java\jdk-15.0.1\bin\vcruntime140_1.dll
0x00007ffc88fa0000 - 0x00007ffc89031000 	C:\Program Files\Java\jdk-15.0.1\bin\msvcp140.dll
0x00007ffc4ceb0000 - 0x00007ffc4da0e000 	C:\Program Files\Java\jdk-15.0.1\bin\server\jvm.dll
0x00007ffc904e0000 - 0x00007ffc904e8000 	C:\WINDOWS\System32\PSAPI.DLL
0x00007ffc82a20000 - 0x00007ffc82a29000 	C:\WINDOWS\SYSTEM32\WSOCK32.dll
0x00007ffc8ea10000 - 0x00007ffc8ea7f000 	C:\WINDOWS\System32\WS2_32.dll
0x00007ffc8b770000 - 0x00007ffc8b794000 	C:\WINDOWS\SYSTEM32\WINMM.dll
0x00007ffc8b2c0000 - 0x00007ffc8b2ed000 	C:\WINDOWS\SYSTEM32\WINMMBASE.dll
0x00007ffc8e3f0000 - 0x00007ffc8e43a000 	C:\WINDOWS\System32\cfgmgr32.dll
0x00007ffc8d810000 - 0x00007ffc8d821000 	C:\WINDOWS\System32\kernel.appcore.dll
0x00007ffc8b2f0000 - 0x00007ffc8b2fa000 	C:\Program Files\Java\jdk-15.0.1\bin\jimage.dll
0x00007ffc826e0000 - 0x00007ffc828d4000 	C:\WINDOWS\SYSTEM32\DBGHELP.DLL
0x00007ffc823f0000 - 0x00007ffc8241a000 	C:\WINDOWS\SYSTEM32\dbgcore.DLL
0x00007ffc88f70000 - 0x00007ffc88f95000 	C:\Program Files\Java\jdk-15.0.1\bin\java.dll
0x00007ffc8fdf0000 - 0x00007ffc904d7000 	C:\WINDOWS\System32\SHELL32.dll
0x00007ffc90590000 - 0x00007ffc90639000 	C:\WINDOWS\System32\shcore.dll
0x00007ffc8daa0000 - 0x00007ffc8e221000 	C:\WINDOWS\System32\windows.storage.dll
0x00007ffc8d8a0000 - 0x00007ffc8d8c3000 	C:\WINDOWS\System32\profapi.dll
0x00007ffc8d850000 - 0x00007ffc8d89a000 	C:\WINDOWS\System32\powrprof.dll
0x00007ffc8d800000 - 0x00007ffc8d810000 	C:\WINDOWS\System32\UMPDC.dll
0x00007ffc908c0000 - 0x00007ffc90912000 	C:\WINDOWS\System32\shlwapi.dll
0x00007ffc8d8d0000 - 0x00007ffc8d8e7000 	C:\WINDOWS\System32\cryptsp.dll
0x00007ffc88f50000 - 0x00007ffc88f69000 	C:\Program Files\Java\jdk-15.0.1\bin\net.dll
0x00007ffc865d0000 - 0x00007ffc866c0000 	C:\WINDOWS\SYSTEM32\WINHTTP.dll
0x00007ffc8cff0000 - 0x00007ffc8d057000 	C:\WINDOWS\system32\mswsock.dll
0x00007ffc88f30000 - 0x00007ffc88f42000 	C:\Program Files\Java\jdk-15.0.1\bin\nio.dll
0x00007ffc88f10000 - 0x00007ffc88f28000 	C:\Program Files\Java\jdk-15.0.1\bin\zip.dll
0x00007ffc8cb60000 - 0x00007ffc8cb93000 	C:\WINDOWS\system32\rsaenh.dll
0x00007ffc8e9e0000 - 0x00007ffc8ea06000 	C:\WINDOWS\System32\bcrypt.dll
0x00007ffc8d6e0000 - 0x00007ffc8d705000 	C:\WINDOWS\SYSTEM32\USERENV.dll
0x00007ffc8d1c0000 - 0x00007ffc8d1cc000 	C:\WINDOWS\SYSTEM32\CRYPTBASE.dll
0x00007ffc8cd00000 - 0x00007ffc8cd3a000 	C:\WINDOWS\SYSTEM32\IPHLPAPI.DLL
0x00007ffc8f290000 - 0x00007ffc8f298000 	C:\WINDOWS\System32\NSI.dll
0x00007ffc880b0000 - 0x00007ffc880c6000 	C:\WINDOWS\SYSTEM32\dhcpcsvc6.DLL
0x00007ffc87d40000 - 0x00007ffc87d5c000 	C:\WINDOWS\SYSTEM32\dhcpcsvc.DLL
0x00007ffc8cd40000 - 0x00007ffc8ce0b000 	C:\WINDOWS\SYSTEM32\DNSAPI.dll
0x00007ffc87a50000 - 0x00007ffc87a7a000 	C:\Users\pcnov\AppData\Roaming\Code\User\globalStorage\redhat.java\0.73.0\config_win\org.eclipse.equinox.launcher\org.eclipse.equinox.launcher.win32.win32.x86_64_1.2.0.v20200915-1442\eclipse_11100.dll
0x00007ffc88f00000 - 0x00007ffc88f10000 	C:\Program Files\Java\jdk-15.0.1\bin\verify.dll
0x00007ffc87a30000 - 0x00007ffc87a41000 	C:\Users\pcnov\AppData\Roaming\Code\User\globalStorage\redhat.java\0.73.0\config_win\org.eclipse.osgi\23\0\.cp\jWinHttp-1.0.0.dll
0x00007ffc8f650000 - 0x00007ffc8f7a7000 	C:\WINDOWS\System32\ole32.dll

dbghelp: loaded successfully - version: 4.0.5 - missing functions: none
symbol engine: initialized successfully - sym options: 0x614 - pdb path: .;C:\Program Files\Java\jdk-15.0.1\bin;C:\WINDOWS\SYSTEM32;C:\WINDOWS\WinSxS\amd64_microsoft.windows.common-controls_6595b64144ccf1df_6.0.18362.1256_none_9e7e379be45e40e2;C:\Program Files\Java\jdk-15.0.1\bin\server;C:\Users\pcnov\AppData\Roaming\Code\User\globalStorage\redhat.java\0.73.0\config_win\org.eclipse.equinox.launcher\org.eclipse.equinox.launcher.win32.win32.x86_64_1.2.0.v20200915-1442;C:\Users\pcnov\AppData\Roaming\Code\User\globalStorage\redhat.java\0.73.0\config_win\org.eclipse.osgi\23\0\.cp

VM Arguments:
jvm_args: --add-modules=ALL-SYSTEM --add-opens=java.base/java.util=ALL-UNNAMED --add-opens=java.base/java.lang=ALL-UNNAMED -Declipse.application=org.eclipse.jdt.ls.core.id1 -Dosgi.bundles.defaultStartLevel=4 -Declipse.product=org.eclipse.jdt.ls.core.product -Dfile.encoding=utf8 -DwatchParentProcess=false -XX:+UseParallelGC -XX:GCTimeRatio=4 -XX:AdaptiveSizePolicyWeight=90 -Dsun.zip.disableMemoryMapping=true -Xmx1G -Xms100m 
java_command: c:\Users\pcnov\.vscode\extensions\redhat.java-0.73.0\server\plugins\org.eclipse.equinox.launcher_1.6.0.v20200915-1508.jar -configuration c:\Users\pcnov\AppData\Roaming\Code\User\globalStorage\redhat.java\0.73.0\config_win -data c:\Users\pcnov\AppData\Roaming\Code\User\workspaceStorage\f17092856c67aefefde673e6cc23089b\redhat.java\jdt_ws
java_class_path (initial): c:\Users\pcnov\.vscode\extensions\redhat.java-0.73.0\server\plugins\org.eclipse.equinox.launcher_1.6.0.v20200915-1508.jar
Launcher Type: SUN_STANDARD

[Global flags]
    uintx AdaptiveSizePolicyWeight                 = 90                                        {product} {command line}
     intx CICompilerCount                          = 3                                         {product} {ergonomic}
    uintx GCTimeRatio                              = 4                                         {product} {command line}
   size_t InitialHeapSize                          = 104857600                                 {product} {command line}
   size_t MaxHeapSize                              = 1073741824                                {product} {command line}
   size_t MaxNewSize                               = 357564416                                 {product} {ergonomic}
   size_t MinHeapDeltaBytes                        = 524288                                    {product} {ergonomic}
   size_t MinHeapSize                              = 104857600                                 {product} {command line}
   size_t NewSize                                  = 34603008                                  {product} {ergonomic}
    uintx NonNMethodCodeHeapSize                   = 5832780                                {pd product} {ergonomic}
    uintx NonProfiledCodeHeapSize                  = 122912730                              {pd product} {ergonomic}
   size_t OldSize                                  = 70254592                                  {product} {ergonomic}
    uintx ProfiledCodeHeapSize                     = 122912730                              {pd product} {ergonomic}
    uintx ReservedCodeCacheSize                    = 251658240                              {pd product} {ergonomic}
     bool SegmentedCodeCache                       = true                                      {product} {ergonomic}
   size_t SoftMaxHeapSize                          = 1073741824                             {manageable} {ergonomic}
     bool UseCompressedClassPointers               = true                                 {lp64_product} {ergonomic}
     bool UseCompressedOops                        = true                                 {lp64_product} {ergonomic}
     bool UseLargePagesIndividualAllocation        = false                                  {pd product} {ergonomic}
     bool UseParallelGC                            = true                                      {product} {command line}

Logging:
Log output configuration:
 #0: stdout all=warning uptime,level,tags
 #1: stderr all=off uptime,level,tags

Environment Variables:
PATH=C:\Program Files\Common Files\Oracle\Java\javapath;C:\Program Files (x86)\Common Files\Oracle\Java\javapath;C:\Python38\Scripts\;C:\Python38\;C:\WINDOWS\system32;C:\WINDOWS;C:\WINDOWS\System32\Wbem;C:\WINDOWS\System32\WindowsPowerShell\v1.0\;C:\WINDOWS\System32\OpenSSH\;C:\Program Files\NVIDIA Corporation\NVIDIA NvDLISR;C:\Program Files (x86)\NVIDIA Corporation\PhysX\Common;C:\Program Files\Git\cmd;C:\ProgramData\chocolatey\bin;C:\Program Files\nodejs\;C:\Program Files (x86)\Yarn\bin\;C:\Users\pcnov\AppData\Local\Programs\Python\Python37\Scripts\;C:\Users\pcnov\AppData\Local\Programs\Python\Python37\;C:\Users\pcnov\AppData\Local\Programs\Python\Python38\Scripts\;C:\Users\pcnov\AppData\Local\Programs\Python\Python38\;C:\Users\pcnov\AppData\Local\Microsoft\WindowsApps;C:\Users\pcnov\flutter\bin;C:\Users\pcnov\AppData\Local\Android\Sdk;C:\Users\pcnov\AppData\Roaming\npm;C:\Users\pcnov\AppData\Local\Yarn\bin;C:\Users\pcnov\AppData\Local\Programs\Microsoft VS Code\bin;C:\Program Files\mingw-w64\x86_64-8.1.0-posix-seh-rt_v6-rev0\mingw64\bin;C:\Program Files\Java\jdk-15.0.1\bin;C:\Program Files\Java\jre1.8.0_271\bin;C:\Users\pcnov\apache-maven-3.6.3\bin;C:\Program Files\heroku\bin
USERNAME=pcnov
OS=Windows_NT
PROCESSOR_IDENTIFIER=Intel64 Family 6 Model 23 Stepping 10, GenuineIntel



---------------  S Y S T E M  ---------------

OS:
 Windows 10 , 64 bit Build 18362 (10.0.18362.1110)
OS uptime: 0 days 6:44 hours

CPU: total 4 (initial active 4) (4 cores per cpu, 1 threads per core) family 6 model 23 stepping 10 microcode 0xa0c, cmov, cx8, fxsr, mmx, sse, sse2, sse3, ssse3, sse4.1, tsc, clflush

Memory: 4k page, system-wide physical 4095M (174M free)
TotalPageFile size 16383M (AvailPageFile size 0M)
current process WorkingSet (physical memory assigned to process): 176M, peak: 176M
current process commit charge ("private bytes"): 273M, peak: 273M

vm_info: Java HotSpot(TM) 64-Bit Server VM (15.0.1+9-18) for windows-amd64 JRE (15.0.1+9-18), built on Sep 15 2020 14:43:54 by "mach5one" with unknown MS VC++:1925

END.
